# JRE version: OpenJDK Runtime Environment (8.0_242-b01) (build 1.8.0_242-release-1644-b01)
# Java VM: OpenJDK 64-Bit Server VM (25.242-b01 mixed mode windows-amd64 compressed oops)
Heap:
 PSYoungGen      total 258048K, used 36895K [0x00000000d5580000, 0x00000000e8900000, 0x0000000100000000)
  eden space 238080K, 7% used [0x00000000d5580000,0x00000000d6609140,0x00000000e3e00000)
  from space 19968K, 99% used [0x00000000e3e00000,0x00000000e517eb20,0x00000000e5180000)
  to   space 23552K, 0% used [0x00000000e7200000,0x00000000e7200000,0x00000000e8900000)
 ParOldGen       total 133120K, used 65402K [0x0000000080000000, 0x0000000088200000, 0x00000000d5580000)
  object space 133120K, 49% used [0x0000000080000000,0x0000000083fdeb48,0x0000000088200000)
 Metaspace       used 101778K, capacity 109228K, committed 109480K, reserved 1144832K
  class space    used 12957K, capacity 14207K, committed 14256K, reserved 1048576K
GC Heap History (10 events):
Event: 7513.724 GC heap before
{Heap before GC invocations=57 (full 4):
 PSYoungGen      total 254464K, used 254082K [0x00000000d5580000, 0x00000000e8580000, 0x0000000100000000)
  eden space 241664K, 100% used [0x00000000d5580000,0x00000000e4180000,0x00000000e4180000)
  from space 12800K, 97% used [0x00000000e7900000,0x00000000e8520808,0x00000000e8580000)
  to   space 22016K, 0% used [0x00000000e5a80000,0x00000000e5a80000,0x00000000e7000000)
 ParOldGen       total 133120K, used 62766K [0x0000000080000000, 0x0000000088200000, 0x00000000d5580000)
  object space 133120K, 47% used [0x0000000080000000,0x0000000083d4bad8,0x0000000088200000)
 Metaspace       used 101170K, capacity 108558K, committed 108712K, reserved 1144832K
  class space    used 12924K, capacity 14166K, committed 14256K, reserved 1048576K
Event: 7513.745 GC heap after
Heap after GC invocations=57 (full 4):
 PSYoungGen      total 243200K, used 10722K [0x00000000d5580000, 0x00000000e7980000, 0x0000000100000000)
  eden space 232448K, 0% used [0x00000000d5580000,0x00000000d5580000,0x00000000e3880000)
  from space 10752K, 99% used [0x00000000e5a80000,0x00000000e64f8868,0x00000000e6500000)
  to   space 20992K, 0% used [0x00000000e6500000,0x00000000e6500000,0x00000000e7980000)
 ParOldGen       total 133120K, used 62774K [0x0000000080000000, 0x0000000088200000, 0x00000000d5580000)
  object space 133120K, 47% used [0x0000000080000000,0x0000000083d4dad8,0x0000000088200000)
 Metaspace       used 101170K, capacity 108558K, committed 108712K, reserved 1144832K
  class space    used 12924K, capacity 14166K, committed 14256K, reserved 1048576K
}
Event: 7550.196 GC heap before
{Heap before GC invocations=58 (full 4):
 PSYoungGen      total 243200K, used 243170K [0x00000000d5580000, 0x00000000e7980000, 0x0000000100000000)
  eden space 232448K, 100% used [0x00000000d5580000,0x00000000e3880000,0x00000000e3880000)
  from space 10752K, 99% used [0x00000000e5a80000,0x00000000e64f8868,0x00000000e6500000)
  to   space 20992K, 0% used [0x00000000e6500000,0x00000000e6500000,0x00000000e7980000)
 ParOldGen       total 133120K, used 62774K [0x0000000080000000, 0x0000000088200000, 0x00000000d5580000)
  object space 133120K, 47% used [0x0000000080000000,0x0000000083d4dad8,0x0000000088200000)
 Metaspace       used 101218K, capacity 108694K, committed 108968K, reserved 1144832K
  class space    used 12924K, capacity 14166K, committed 14256K, reserved 1048576K
Event: 7550.232 GC heap after
Heap after GC invocations=58 (full 4):
 PSYoungGen      total 234496K, used 10626K [0x00000000d5580000, 0x00000000e6f80000, 0x0000000100000000)
  eden space 223744K, 0% used [0x00000000d5580000,0x00000000d5580000,0x00000000e3000000)
  from space 10752K, 98% used [0x00000000e6500000,0x00000000e6f60888,0x00000000e6f80000)
  to   space 20480K, 0% used [0x00000000e4780000,0x00000000e4780000,0x00000000e5b80000)
 ParOldGen       total 133120K, used 62782K [0x0000000080000000, 0x0000000088200000, 0x00000000d5580000)
  object space 133120K, 47% used [0x0000000080000000,0x0000000083d4fad8,0x0000000088200000)
 Metaspace       used 101218K, capacity 108694K, committed 108968K, reserved 1144832K
  class space    used 12924K, capacity 14166K, committed 14256K, reserved 1048576K
}
Event: 8013.447 GC heap before
{Heap before GC invocations=59 (full 4):
 PSYoungGen      total 234496K, used 234370K [0x00000000d5580000, 0x00000000e6f80000, 0x0000000100000000)
  eden space 223744K, 100% used [0x00000000d5580000,0x00000000e3000000,0x00000000e3000000)
  from space 10752K, 98% used [0x00000000e6500000,0x00000000e6f60888,0x00000000e6f80000)
  to   space 20480K, 0% used [0x00000000e4780000,0x00000000e4780000,0x00000000e5b80000)
 ParOldGen       total 133120K, used 62782K [0x0000000080000000, 0x0000000088200000, 0x00000000d5580000)
  object space 133120K, 47% used [0x0000000080000000,0x0000000083d4fad8,0x0000000088200000)
 Metaspace       used 101373K, capacity 108802K, committed 108968K, reserved 1144832K
  class space    used 12943K, capacity 14200K, committed 14256K, reserved 1048576K
Event: 8014.268 GC heap after
Heap after GC invocations=59 (full 4):
 PSYoungGen      total 221696K, used 6624K [0x00000000d5580000, 0x00000000e6580000, 0x0000000100000000)
  eden space 215040K, 0% used [0x00000000d5580000,0x00000000d5580000,0x00000000e2780000)
  from space 6656K, 99% used [0x00000000e4780000,0x00000000e4df8000,0x00000000e4e00000)
  to   space 20480K, 0% used [0x00000000e5180000,0x00000000e5180000,0x00000000e6580000)
 ParOldGen       total 133120K, used 62790K [0x0000000080000000, 0x0000000088200000, 0x00000000d5580000)
  object space 133120K, 47% used [0x0000000080000000,0x0000000083d51ad8,0x0000000088200000)
 Metaspace       used 101373K, capacity 108802K, committed 108968K, reserved 1144832K
  class space    used 12943K, capacity 14200K, committed 14256K, reserved 1048576K
}
Event: 8035.195 GC heap before
{Heap before GC invocations=60 (full 4):
 PSYoungGen      total 221696K, used 221664K [0x00000000d5580000, 0x00000000e6580000, 0x0000000100000000)
  eden space 215040K, 100% used [0x00000000d5580000,0x00000000e2780000,0x00000000e2780000)
  from space 6656K, 99% used [0x00000000e4780000,0x00000000e4df8000,0x00000000e4e00000)
  to   space 20480K, 0% used [0x00000000e5180000,0x00000000e5180000,0x00000000e6580000)
 ParOldGen       total 133120K, used 62790K [0x0000000080000000, 0x0000000088200000, 0x00000000d5580000)
  object space 133120K, 47% used [0x0000000080000000,0x0000000083d51ad8,0x0000000088200000)
 Metaspace       used 101693K, capacity 109152K, committed 109224K, reserved 1144832K
  class space    used 12956K, capacity 14205K, committed 14256K, reserved 1048576K
Event: 8036.443 GC heap after
Heap after GC invocations=60 (full 4):
 PSYoungGen      total 258560K, used 9312K [0x00000000d5580000, 0x00000000e6880000, 0x0000000100000000)
  eden space 238080K, 0% used [0x00000000d5580000,0x00000000d5580000,0x00000000e3e00000)
  from space 20480K, 45% used [0x00000000e5180000,0x00000000e5a98308,0x00000000e6580000)
  to   space 19968K, 0% used [0x00000000e3e00000,0x00000000e3e00000,0x00000000e5180000)
 ParOldGen       total 133120K, used 62790K [0x0000000080000000, 0x0000000088200000, 0x00000000d5580000)
  object space 133120K, 47% used [0x0000000080000000,0x0000000083d51ad8,0x0000000088200000)
 Metaspace       used 101693K, capacity 109152K, committed 109224K, reserved 1144832K
  class space    used 12956K, capacity 14205K, committed 14256K, reserved 1048576K
}
Event: 8056.992 GC heap before
{Heap before GC invocations=61 (full 4):
 PSYoungGen      total 258560K, used 247392K [0x00000000d5580000, 0x00000000e6880000, 0x0000000100000000)
  eden space 238080K, 100% used [0x00000000d5580000,0x00000000e3e00000,0x00000000e3e00000)
  from space 20480K, 45% used [0x00000000e5180000,0x00000000e5a98308,0x00000000e6580000)
  to   space 19968K, 0% used [0x00000000e3e00000,0x00000000e3e00000,0x00000000e5180000)
 ParOldGen       total 133120K, used 62790K [0x0000000080000000, 0x0000000088200000, 0x00000000d5580000)
  object space 133120K, 47% used [0x0000000080000000,0x0000000083d51ad8,0x0000000088200000)
 Metaspace       used 101771K, capacity 109216K, committed 109480K, reserved 1144832K
  class space    used 12956K, capacity 14205K, committed 14256K, reserved 1048576K
Event: 8057.598 GC heap after
Heap after GC invocations=61 (full 4):
 PSYoungGen      total 258048K, used 19962K [0x00000000d5580000, 0x00000000e8900000, 0x0000000100000000)
  eden space 238080K, 0% used [0x00000000d5580000,0x00000000d5580000,0x00000000e3e00000)
  from space 19968K, 99% used [0x00000000e3e00000,0x00000000e517eb20,0x00000000e5180000)
  to   space 23552K, 0% used [0x00000000e7200000,0x00000000e7200000,0x00000000e8900000)
 ParOldGen       total 133120K, used 65402K [0x0000000080000000, 0x0000000088200000, 0x00000000d5580000)
  object space 133120K, 49% used [0x0000000080000000,0x0000000083fdeb48,0x0000000088200000)
 Metaspace       used 101771K, capacity 109216K, committed 109480K, reserved 1144832K
  class space    used 12956K, capacity 14205K, committed 14256K, reserved 1048576K
}

