# JRE version: OpenJDK Runtime Environment (8.0_242-b01) (build 1.8.0_242-release-1644-b01)
# Java VM: OpenJDK 64-Bit Server VM (25.242-b01 mixed mode windows-amd64 compressed oops)
Heap:
 PSYoungGen      total 331264K, used 196227K [0x00000000d5580000, 0x00000000ed980000, 0x0000000100000000)
  eden space 293376K, 62% used [0x00000000d5580000,0x00000000e0815230,0x00000000e7400000)
  from space 37888K, 35% used [0x00000000e7400000,0x00000000e810ba08,0x00000000e9900000)
  to   space 36352K, 0% used [0x00000000eb600000,0x00000000eb600000,0x00000000ed980000)
 ParOldGen       total 128512K, used 70519K [0x0000000080000000, 0x0000000087d80000, 0x00000000d5580000)
  object space 128512K, 54% used [0x0000000080000000,0x00000000844ddd70,0x0000000087d80000)
 Metaspace       used 93845K, capacity 100200K, committed 100392K, reserved 1136640K
  class space    used 12465K, capacity 13591K, committed 13616K, reserved 1048576K
GC Heap History (10 events):
Event: 1648.768 GC heap before
{Heap before GC invocations=19 (full 4):
 PSYoungGen      total 289792K, used 15394K [0x00000000d5580000, 0x00000000e9900000, 0x0000000100000000)
  eden space 273920K, 0% used [0x00000000d5580000,0x00000000d5580000,0x00000000e6100000)
  from space 15872K, 96% used [0x00000000e6d00000,0x00000000e7c08980,0x00000000e7c80000)
  to   space 28672K, 0% used [0x00000000e7d00000,0x00000000e7d00000,0x00000000e9900000)
 ParOldGen       total 83456K, used 66650K [0x0000000080000000, 0x0000000085180000, 0x00000000d5580000)
  object space 83456K, 79% used [0x0000000080000000,0x0000000084116b68,0x0000000085180000)
 Metaspace       used 75493K, capacity 79080K, committed 79144K, reserved 1118208K
  class space    used 10038K, capacity 10737K, committed 10800K, reserved 1048576K
Event: 1649.648 GC heap after
Heap after GC invocations=19 (full 4):
 PSYoungGen      total 289792K, used 0K [0x00000000d5580000, 0x00000000e9900000, 0x0000000100000000)
  eden space 273920K, 0% used [0x00000000d5580000,0x00000000d5580000,0x00000000e6100000)
  from space 15872K, 0% used [0x00000000e6d00000,0x00000000e6d00000,0x00000000e7c80000)
  to   space 28672K, 0% used [0x00000000e7d00000,0x00000000e7d00000,0x00000000e9900000)
 ParOldGen       total 128512K, used 55986K [0x0000000080000000, 0x0000000087d80000, 0x00000000d5580000)
  object space 128512K, 43% used [0x0000000080000000,0x00000000836acbf0,0x0000000087d80000)
 Metaspace       used 75257K, capacity 78422K, committed 79144K, reserved 1118208K
  class space    used 9961K, capacity 10602K, committed 10800K, reserved 1048576K
}
Event: 1683.051 GC heap before
{Heap before GC invocations=20 (full 4):
 PSYoungGen      total 289792K, used 273920K [0x00000000d5580000, 0x00000000e9900000, 0x0000000100000000)
  eden space 273920K, 100% used [0x00000000d5580000,0x00000000e6100000,0x00000000e6100000)
  from space 15872K, 0% used [0x00000000e6d00000,0x00000000e6d00000,0x00000000e7c80000)
  to   space 28672K, 0% used [0x00000000e7d00000,0x00000000e7d00000,0x00000000e9900000)
 ParOldGen       total 128512K, used 55986K [0x0000000080000000, 0x0000000087d80000, 0x00000000d5580000)
  object space 128512K, 43% used [0x0000000080000000,0x00000000836acbf0,0x0000000087d80000)
 Metaspace       used 76430K, capacity 80016K, committed 80296K, reserved 1118208K
  class space    used 10064K, capacity 10797K, committed 10928K, reserved 1048576K
Event: 1683.209 GC heap after
Heap after GC invocations=20 (full 4):
 PSYoungGen      total 299520K, used 24796K [0x00000000d5580000, 0x00000000ed280000, 0x0000000100000000)
  eden space 270848K, 0% used [0x00000000d5580000,0x00000000d5580000,0x00000000e5e00000)
  from space 28672K, 86% used [0x00000000e7d00000,0x00000000e95371e0,0x00000000e9900000)
  to   space 31744K, 0% used [0x00000000e5e00000,0x00000000e5e00000,0x00000000e7d00000)
 ParOldGen       total 128512K, used 55994K [0x0000000080000000, 0x0000000087d80000, 0x00000000d5580000)
  object space 128512K, 43% used [0x0000000080000000,0x00000000836aebf0,0x0000000087d80000)
 Metaspace       used 76430K, capacity 80016K, committed 80296K, reserved 1118208K
  class space    used 10064K, capacity 10797K, committed 10928K, reserved 1048576K
}
Event: 1751.981 GC heap before
{Heap before GC invocations=21 (full 4):
 PSYoungGen      total 299520K, used 295644K [0x00000000d5580000, 0x00000000ed280000, 0x0000000100000000)
  eden space 270848K, 100% used [0x00000000d5580000,0x00000000e5e00000,0x00000000e5e00000)
  from space 28672K, 86% used [0x00000000e7d00000,0x00000000e95371e0,0x00000000e9900000)
  to   space 31744K, 0% used [0x00000000e5e00000,0x00000000e5e00000,0x00000000e7d00000)
 ParOldGen       total 128512K, used 55994K [0x0000000080000000, 0x0000000087d80000, 0x00000000d5580000)
  object space 128512K, 43% used [0x0000000080000000,0x00000000836aebf0,0x0000000087d80000)
 Metaspace       used 77048K, capacity 80658K, committed 80808K, reserved 1120256K
  class space    used 10108K, capacity 10826K, committed 10928K, reserved 1048576K
Event: 1752.176 GC heap after
Heap after GC invocations=21 (full 4):
 PSYoungGen      total 302592K, used 13536K [0x00000000d5580000, 0x00000000eb680000, 0x0000000100000000)
  eden space 270848K, 0% used [0x00000000d5580000,0x00000000d5580000,0x00000000e5e00000)
  from space 31744K, 42% used [0x00000000e5e00000,0x00000000e6b38130,0x00000000e7d00000)
  to   space 30208K, 0% used [0x00000000e9900000,0x00000000e9900000,0x00000000eb680000)
 ParOldGen       total 128512K, used 56002K [0x0000000080000000, 0x0000000087d80000, 0x00000000d5580000)
  object space 128512K, 43% used [0x0000000080000000,0x00000000836b0bf0,0x0000000087d80000)
 Metaspace       used 77048K, capacity 80658K, committed 80808K, reserved 1120256K
  class space    used 10108K, capacity 10826K, committed 10928K, reserved 1048576K
}
Event: 1760.100 GC heap before
{Heap before GC invocations=22 (full 4):
 PSYoungGen      total 302592K, used 284384K [0x00000000d5580000, 0x00000000eb680000, 0x0000000100000000)
  eden space 270848K, 100% used [0x00000000d5580000,0x00000000e5e00000,0x00000000e5e00000)
  from space 31744K, 42% used [0x00000000e5e00000,0x00000000e6b38130,0x00000000e7d00000)
  to   space 30208K, 0% used [0x00000000e9900000,0x00000000e9900000,0x00000000eb680000)
 ParOldGen       total 128512K, used 56002K [0x0000000080000000, 0x0000000087d80000, 0x00000000d5580000)
  object space 128512K, 43% used [0x0000000080000000,0x00000000836b0bf0,0x0000000087d80000)
 Metaspace       used 91473K, capacity 97180K, committed 97448K, reserved 1134592K
  class space    used 12157K, capacity 13181K, committed 13232K, reserved 1048576K
Event: 1760.158 GC heap after
Heap after GC invocations=22 (full 4):
 PSYoungGen      total 323584K, used 30187K [0x00000000d5580000, 0x00000000ec980000, 0x0000000100000000)
  eden space 293376K, 0% used [0x00000000d5580000,0x00000000d5580000,0x00000000e7400000)
  from space 30208K, 99% used [0x00000000e9900000,0x00000000eb67ae20,0x00000000eb680000)
  to   space 37888K, 0% used [0x00000000e7400000,0x00000000e7400000,0x00000000e9900000)
 ParOldGen       total 128512K, used 65079K [0x0000000080000000, 0x0000000087d80000, 0x00000000d5580000)
  object space 128512K, 50% used [0x0000000080000000,0x0000000083f8dc90,0x0000000087d80000)
 Metaspace       used 91473K, capacity 97180K, committed 97448K, reserved 1134592K
  class space    used 12157K, capacity 13181K, committed 13232K, reserved 1048576K
}
Event: 1886.312 GC heap before
{Heap before GC invocations=23 (full 4):
 PSYoungGen      total 323584K, used 323563K [0x00000000d5580000, 0x00000000ec980000, 0x0000000100000000)
  eden space 293376K, 100% used [0x00000000d5580000,0x00000000e7400000,0x00000000e7400000)
  from space 30208K, 99% used [0x00000000e9900000,0x00000000eb67ae20,0x00000000eb680000)
  to   space 37888K, 0% used [0x00000000e7400000,0x00000000e7400000,0x00000000e9900000)
 ParOldGen       total 128512K, used 65079K [0x0000000080000000, 0x0000000087d80000, 0x00000000d5580000)
  object space 128512K, 50% used [0x0000000080000000,0x0000000083f8dc90,0x0000000087d80000)
 Metaspace       used 93221K, capacity 99458K, committed 99624K, reserved 1134592K
  class space    used 12405K, capacity 13518K, committed 13616K, reserved 1048576K
Event: 1886.416 GC heap after
Heap after GC invocations=23 (full 4):
 PSYoungGen      total 331264K, used 13358K [0x00000000d5580000, 0x00000000ed980000, 0x0000000100000000)
  eden space 293376K, 0% used [0x00000000d5580000,0x00000000d5580000,0x00000000e7400000)
  from space 37888K, 35% used [0x00000000e7400000,0x00000000e810ba08,0x00000000e9900000)
  to   space 36352K, 0% used [0x00000000eb600000,0x00000000eb600000,0x00000000ed980000)
 ParOldGen       total 128512K, used 70519K [0x0000000080000000, 0x0000000087d80000, 0x00000000d5580000)
  object space 128512K, 54% used [0x0000000080000000,0x00000000844ddd70,0x0000000087d80000)
 Metaspace       used 93221K, capacity 99458K, committed 99624K, reserved 1134592K
  class space    used 12405K, capacity 13518K, committed 13616K, reserved 1048576K
}

