# JRE version: OpenJDK Runtime Environment (8.0_242-b01) (build 1.8.0_242-release-1644-b01)
# Java VM: OpenJDK 64-Bit Server VM (25.242-b01 mixed mode windows-amd64 compressed oops)
Heap:
 PSYoungGen      total 323584K, used 204490K [0x00000000d5580000, 0x00000000eec00000, 0x0000000100000000)
  eden space 303616K, 60% used [0x00000000d5580000,0x00000000e09b9ee0,0x00000000e7e00000)
  from space 19968K, 99% used [0x00000000e9c00000,0x00000000eaf78cf0,0x00000000eaf80000)
  to   space 30720K, 0% used [0x00000000e7e00000,0x00000000e7e00000,0x00000000e9c00000)
 ParOldGen       total 123392K, used 61286K [0x0000000080000000, 0x0000000087880000, 0x00000000d5580000)
  object space 123392K, 49% used [0x0000000080000000,0x0000000083bd9850,0x0000000087880000)
 Metaspace       used 91033K, capacity 96248K, committed 96552K, reserved 1132544K
  class space    used 12037K, capacity 12979K, committed 13104K, reserved 1048576K
GC Heap History (10 events):
Event: 23.274 GC heap before
{Heap before GC invocations=16 (full 3):
 PSYoungGen      total 263680K, used 250368K [0x00000000d5580000, 0x00000000e6d00000, 0x0000000100000000)
  eden space 250368K, 100% used [0x00000000d5580000,0x00000000e4a00000,0x00000000e4a00000)
  from space 13312K, 0% used [0x00000000e6000000,0x00000000e6000000,0x00000000e6d00000)
  to   space 17920K, 0% used [0x00000000e4a00000,0x00000000e4a00000,0x00000000e5b80000)
 ParOldGen       total 78848K, used 33307K [0x0000000080000000, 0x0000000084d00000, 0x00000000d5580000)
  object space 78848K, 42% used [0x0000000080000000,0x0000000082086e58,0x0000000084d00000)
 Metaspace       used 62999K, capacity 66018K, committed 66216K, reserved 1105920K
  class space    used 8665K, capacity 9288K, committed 9392K, reserved 1048576K
Event: 23.301 GC heap after
Heap after GC invocations=16 (full 3):
 PSYoungGen      total 268288K, used 17912K [0x00000000d5580000, 0x00000000ebe80000, 0x0000000100000000)
  eden space 250368K, 0% used [0x00000000d5580000,0x00000000d5580000,0x00000000e4a00000)
  from space 17920K, 99% used [0x00000000e4a00000,0x00000000e5b7e1c8,0x00000000e5b80000)
  to   space 24576K, 0% used [0x00000000ea680000,0x00000000ea680000,0x00000000ebe80000)
 ParOldGen       total 78848K, used 43703K [0x0000000080000000, 0x0000000084d00000, 0x00000000d5580000)
  object space 78848K, 55% used [0x0000000080000000,0x0000000082aadea0,0x0000000084d00000)
 Metaspace       used 62999K, capacity 66018K, committed 66216K, reserved 1105920K
  class space    used 8665K, capacity 9288K, committed 9392K, reserved 1048576K
}
Event: 55.233 GC heap before
{Heap before GC invocations=17 (full 3):
 PSYoungGen      total 268288K, used 268280K [0x00000000d5580000, 0x00000000ebe80000, 0x0000000100000000)
  eden space 250368K, 100% used [0x00000000d5580000,0x00000000e4a00000,0x00000000e4a00000)
  from space 17920K, 99% used [0x00000000e4a00000,0x00000000e5b7e1c8,0x00000000e5b80000)
  to   space 24576K, 0% used [0x00000000ea680000,0x00000000ea680000,0x00000000ebe80000)
 ParOldGen       total 78848K, used 43703K [0x0000000080000000, 0x0000000084d00000, 0x00000000d5580000)
  object space 78848K, 55% used [0x0000000080000000,0x0000000082aadea0,0x0000000084d00000)
 Metaspace       used 70392K, capacity 73602K, committed 73768K, reserved 1112064K
  class space    used 9570K, capacity 10206K, committed 10288K, reserved 1048576K
Event: 55.282 GC heap after
Heap after GC invocations=17 (full 3):
 PSYoungGen      total 323584K, used 11488K [0x00000000d5580000, 0x00000000eb300000, 0x0000000100000000)
  eden space 310784K, 0% used [0x00000000d5580000,0x00000000d5580000,0x00000000e8500000)
  from space 12800K, 89% used [0x00000000ea680000,0x00000000eb1b82f8,0x00000000eb300000)
  to   space 23552K, 0% used [0x00000000e8500000,0x00000000e8500000,0x00000000e9c00000)
 ParOldGen       total 78848K, used 60711K [0x0000000080000000, 0x0000000084d00000, 0x00000000d5580000)
  object space 78848K, 76% used [0x0000000080000000,0x0000000083b49db0,0x0000000084d00000)
 Metaspace       used 70392K, capacity 73602K, committed 73768K, reserved 1112064K
  class space    used 9570K, capacity 10206K, committed 10288K, reserved 1048576K
}
Event: 1709.165 GC heap before
{Heap before GC invocations=18 (full 3):
 PSYoungGen      total 323584K, used 322272K [0x00000000d5580000, 0x00000000eb300000, 0x0000000100000000)
  eden space 310784K, 100% used [0x00000000d5580000,0x00000000e8500000,0x00000000e8500000)
  from space 12800K, 89% used [0x00000000ea680000,0x00000000eb1b82f8,0x00000000eb300000)
  to   space 23552K, 0% used [0x00000000e8500000,0x00000000e8500000,0x00000000e9c00000)
 ParOldGen       total 78848K, used 60711K [0x0000000080000000, 0x0000000084d00000, 0x00000000d5580000)
  object space 78848K, 76% used [0x0000000080000000,0x0000000083b49db0,0x0000000084d00000)
 Metaspace       used 80275K, capacity 83992K, committed 84264K, reserved 1122304K
  class space    used 10543K, capacity 11265K, committed 11312K, reserved 1048576K
Event: 1710.651 GC heap after
Heap after GC invocations=18 (full 3):
 PSYoungGen      total 320512K, used 23528K [0x00000000d5580000, 0x00000000eaf80000, 0x0000000100000000)
  eden space 296960K, 0% used [0x00000000d5580000,0x00000000d5580000,0x00000000e7780000)
  from space 23552K, 99% used [0x00000000e8500000,0x00000000e9bfa038,0x00000000e9c00000)
  to   space 19968K, 0% used [0x00000000e9c00000,0x00000000e9c00000,0x00000000eaf80000)
 ParOldGen       total 78848K, used 64739K [0x0000000080000000, 0x0000000084d00000, 0x00000000d5580000)
  object space 78848K, 82% used [0x0000000080000000,0x0000000083f38f80,0x0000000084d00000)
 Metaspace       used 80275K, capacity 83992K, committed 84264K, reserved 1122304K
  class space    used 10543K, capacity 11265K, committed 11312K, reserved 1048576K
}
Event: 1710.651 GC heap before
{Heap before GC invocations=19 (full 4):
 PSYoungGen      total 320512K, used 23528K [0x00000000d5580000, 0x00000000eaf80000, 0x0000000100000000)
  eden space 296960K, 0% used [0x00000000d5580000,0x00000000d5580000,0x00000000e7780000)
  from space 23552K, 99% used [0x00000000e8500000,0x00000000e9bfa038,0x00000000e9c00000)
  to   space 19968K, 0% used [0x00000000e9c00000,0x00000000e9c00000,0x00000000eaf80000)
 ParOldGen       total 78848K, used 64739K [0x0000000080000000, 0x0000000084d00000, 0x00000000d5580000)
  object space 78848K, 82% used [0x0000000080000000,0x0000000083f38f80,0x0000000084d00000)
 Metaspace       used 80275K, capacity 83992K, committed 84264K, reserved 1122304K
  class space    used 10543K, capacity 11265K, committed 11312K, reserved 1048576K
Event: 1722.060 GC heap after
Heap after GC invocations=19 (full 4):
 PSYoungGen      total 320512K, used 0K [0x00000000d5580000, 0x00000000eaf80000, 0x0000000100000000)
  eden space 296960K, 0% used [0x00000000d5580000,0x00000000d5580000,0x00000000e7780000)
  from space 23552K, 0% used [0x00000000e8500000,0x00000000e8500000,0x00000000e9c00000)
  to   space 19968K, 0% used [0x00000000e9c00000,0x00000000e9c00000,0x00000000eaf80000)
 ParOldGen       total 123392K, used 59752K [0x0000000080000000, 0x0000000087880000, 0x00000000d5580000)
  object space 123392K, 48% used [0x0000000080000000,0x0000000083a5a2a0,0x0000000087880000)
 Metaspace       used 79986K, capacity 83168K, committed 84264K, reserved 1122304K
  class space    used 10451K, capacity 11103K, committed 11312K, reserved 1048576K
}
Event: 1809.937 GC heap before
{Heap before GC invocations=20 (full 4):
 PSYoungGen      total 320512K, used 296960K [0x00000000d5580000, 0x00000000eaf80000, 0x0000000100000000)
  eden space 296960K, 100% used [0x00000000d5580000,0x00000000e7780000,0x00000000e7780000)
  from space 23552K, 0% used [0x00000000e8500000,0x00000000e8500000,0x00000000e9c00000)
  to   space 19968K, 0% used [0x00000000e9c00000,0x00000000e9c00000,0x00000000eaf80000)
 ParOldGen       total 123392K, used 59752K [0x0000000080000000, 0x0000000087880000, 0x00000000d5580000)
  object space 123392K, 48% used [0x0000000080000000,0x0000000083a5a2a0,0x0000000087880000)
 Metaspace       used 81340K, capacity 84652K, committed 85416K, reserved 1124352K
  class space    used 10559K, capacity 11229K, committed 11440K, reserved 1048576K
Event: 1810.090 GC heap after
Heap after GC invocations=20 (full 4):
 PSYoungGen      total 323584K, used 19939K [0x00000000d5580000, 0x00000000eec00000, 0x0000000100000000)
  eden space 303616K, 0% used [0x00000000d5580000,0x00000000d5580000,0x00000000e7e00000)
  from space 19968K, 99% used [0x00000000e9c00000,0x00000000eaf78cf0,0x00000000eaf80000)
  to   space 30720K, 0% used [0x00000000e7e00000,0x00000000e7e00000,0x00000000e9c00000)
 ParOldGen       total 123392K, used 61286K [0x0000000080000000, 0x0000000087880000, 0x00000000d5580000)
  object space 123392K, 49% used [0x0000000080000000,0x0000000083bd9850,0x0000000087880000)
 Metaspace       used 81340K, capacity 84652K, committed 85416K, reserved 1124352K
  class space    used 10559K, capacity 11229K, committed 11440K, reserved 1048576K
}

