# JRE version: OpenJDK Runtime Environment (8.0_242-b01) (build 1.8.0_242-release-1644-b01)
# Java VM: OpenJDK 64-Bit Server VM (25.242-b01 mixed mode windows-amd64 compressed oops)
Heap:
 PSYoungGen      total 400896K, used 261437K [0x00000000d5580000, 0x00000000f6e80000, 0x0000000100000000)
  eden space 350208K, 75% used [0x00000000d5580000,0x00000000e5645050,0x00000000eab80000)
  from space 50688K, 0% used [0x00000000ef280000,0x00000000ef280000,0x00000000f2400000)
  to   space 72704K, 0% used [0x00000000eab80000,0x00000000eab80000,0x00000000ef280000)
 ParOldGen       total 174080K, used 69880K [0x0000000080000000, 0x000000008aa00000, 0x00000000d5580000)
  object space 174080K, 40% used [0x0000000080000000,0x000000008443e188,0x000000008aa00000)
 Metaspace       used 111259K, capacity 117046K, committed 117288K, reserved 1150976K
  class space    used 14233K, capacity 15347K, committed 15408K, reserved 1048576K
GC Heap History (10 events):
Event: 1884.303 GC heap before
{Heap before GC invocations=24 (full 4):
 PSYoungGen      total 323584K, used 316526K [0x00000000d5580000, 0x00000000ec880000, 0x0000000100000000)
  eden space 295424K, 100% used [0x00000000d5580000,0x00000000e7600000,0x00000000e7600000)
  from space 28160K, 74% used [0x00000000e7600000,0x00000000e8a9b800,0x00000000e9180000)
  to   space 29696K, 0% used [0x00000000eab80000,0x00000000eab80000,0x00000000ec880000)
 ParOldGen       total 134656K, used 56241K [0x0000000080000000, 0x0000000088380000, 0x00000000d5580000)
  object space 134656K, 41% used [0x0000000080000000,0x00000000836ec788,0x0000000088380000)
 Metaspace       used 108287K, capacity 113712K, committed 114088K, reserved 1148928K
  class space    used 14017K, capacity 15090K, committed 15280K, reserved 1048576K
Event: 1885.209 GC heap after
Heap after GC invocations=24 (full 4):
 PSYoungGen      total 338432K, used 29668K [0x00000000d5580000, 0x00000000ede00000, 0x0000000100000000)
  eden space 308736K, 0% used [0x00000000d5580000,0x00000000d5580000,0x00000000e8300000)
  from space 29696K, 99% used [0x00000000eab80000,0x00000000ec879140,0x00000000ec880000)
  to   space 41472K, 0% used [0x00000000e8300000,0x00000000e8300000,0x00000000eab80000)
 ParOldGen       total 134656K, used 75981K [0x0000000080000000, 0x0000000088380000, 0x00000000d5580000)
  object space 134656K, 56% used [0x0000000080000000,0x0000000084a334d0,0x0000000088380000)
 Metaspace       used 108287K, capacity 113712K, committed 114088K, reserved 1148928K
  class space    used 14017K, capacity 15090K, committed 15280K, reserved 1048576K
}
Event: 1943.509 GC heap before
{Heap before GC invocations=25 (full 4):
 PSYoungGen      total 338432K, used 338404K [0x00000000d5580000, 0x00000000ede00000, 0x0000000100000000)
  eden space 308736K, 100% used [0x00000000d5580000,0x00000000e8300000,0x00000000e8300000)
  from space 29696K, 99% used [0x00000000eab80000,0x00000000ec879140,0x00000000ec880000)
  to   space 41472K, 0% used [0x00000000e8300000,0x00000000e8300000,0x00000000eab80000)
 ParOldGen       total 134656K, used 75981K [0x0000000080000000, 0x0000000088380000, 0x00000000d5580000)
  object space 134656K, 56% used [0x0000000080000000,0x0000000084a334d0,0x0000000088380000)
 Metaspace       used 108982K, capacity 114572K, committed 114984K, reserved 1148928K
  class space    used 14063K, capacity 15150K, committed 15408K, reserved 1048576K
Event: 1946.806 GC heap after
Heap after GC invocations=25 (full 4):
 PSYoungGen      total 350208K, used 41463K [0x00000000d5580000, 0x00000000f2400000, 0x0000000100000000)
  eden space 308736K, 0% used [0x00000000d5580000,0x00000000d5580000,0x00000000e8300000)
  from space 41472K, 99% used [0x00000000e8300000,0x00000000eab7dd70,0x00000000eab80000)
  to   space 50688K, 0% used [0x00000000ef280000,0x00000000ef280000,0x00000000f2400000)
 ParOldGen       total 134656K, used 82537K [0x0000000080000000, 0x0000000088380000, 0x00000000d5580000)
  object space 134656K, 61% used [0x0000000080000000,0x000000008509a5c0,0x0000000088380000)
 Metaspace       used 108982K, capacity 114572K, committed 114984K, reserved 1148928K
  class space    used 14063K, capacity 15150K, committed 15408K, reserved 1048576K
}
Event: 1955.325 GC heap before
{Heap before GC invocations=26 (full 4):
 PSYoungGen      total 350208K, used 350168K [0x00000000d5580000, 0x00000000f2400000, 0x0000000100000000)
  eden space 308736K, 99% used [0x00000000d5580000,0x00000000e82f8538,0x00000000e8300000)
  from space 41472K, 99% used [0x00000000e8300000,0x00000000eab7dd70,0x00000000eab80000)
  to   space 50688K, 0% used [0x00000000ef280000,0x00000000ef280000,0x00000000f2400000)
 ParOldGen       total 134656K, used 82537K [0x0000000080000000, 0x0000000088380000, 0x00000000d5580000)
  object space 134656K, 61% used [0x0000000080000000,0x000000008509a5c0,0x0000000088380000)
 Metaspace       used 110291K, capacity 115956K, committed 116264K, reserved 1150976K
  class space    used 14177K, capacity 15262K, committed 15408K, reserved 1048576K
Event: 1956.905 GC heap after
Heap after GC invocations=26 (full 4):
 PSYoungGen      total 400896K, used 50685K [0x00000000d5580000, 0x00000000f6e80000, 0x0000000100000000)
  eden space 350208K, 0% used [0x00000000d5580000,0x00000000d5580000,0x00000000eab80000)
  from space 50688K, 99% used [0x00000000ef280000,0x00000000f23ff6f0,0x00000000f2400000)
  to   space 72704K, 0% used [0x00000000eab80000,0x00000000eab80000,0x00000000ef280000)
 ParOldGen       total 134656K, used 120038K [0x0000000080000000, 0x0000000088380000, 0x00000000d5580000)
  object space 134656K, 89% used [0x0000000080000000,0x00000000875398b0,0x0000000088380000)
 Metaspace       used 110291K, capacity 115956K, committed 116264K, reserved 1150976K
  class space    used 14177K, capacity 15262K, committed 15408K, reserved 1048576K
}
Event: 1956.932 GC heap before
{Heap before GC invocations=27 (full 5):
 PSYoungGen      total 400896K, used 50685K [0x00000000d5580000, 0x00000000f6e80000, 0x0000000100000000)
  eden space 350208K, 0% used [0x00000000d5580000,0x00000000d5580000,0x00000000eab80000)
  from space 50688K, 99% used [0x00000000ef280000,0x00000000f23ff6f0,0x00000000f2400000)
  to   space 72704K, 0% used [0x00000000eab80000,0x00000000eab80000,0x00000000ef280000)
 ParOldGen       total 134656K, used 120038K [0x0000000080000000, 0x0000000088380000, 0x00000000d5580000)
  object space 134656K, 89% used [0x0000000080000000,0x00000000875398b0,0x0000000088380000)
 Metaspace       used 110291K, capacity 115956K, committed 116264K, reserved 1150976K
  class space    used 14177K, capacity 15262K, committed 15408K, reserved 1048576K
Event: 1967.295 GC heap after
Heap after GC invocations=27 (full 5):
 PSYoungGen      total 400896K, used 0K [0x00000000d5580000, 0x00000000f6e80000, 0x0000000100000000)
  eden space 350208K, 0% used [0x00000000d5580000,0x00000000d5580000,0x00000000eab80000)
  from space 50688K, 0% used [0x00000000ef280000,0x00000000ef280000,0x00000000f2400000)
  to   space 72704K, 0% used [0x00000000eab80000,0x00000000eab80000,0x00000000ef280000)
 ParOldGen       total 134656K, used 124212K [0x0000000080000000, 0x0000000088380000, 0x00000000d5580000)
  object space 134656K, 92% used [0x0000000080000000,0x000000008794d3f8,0x0000000088380000)
 Metaspace       used 110192K, capacity 115692K, committed 116264K, reserved 1150976K
  class space    used 14149K, capacity 15226K, committed 15408K, reserved 1048576K
}
Event: 2528.788 GC heap before
{Heap before GC invocations=28 (full 6):
 PSYoungGen      total 400896K, used 350208K [0x00000000d5580000, 0x00000000f6e80000, 0x0000000100000000)
  eden space 350208K, 100% used [0x00000000d5580000,0x00000000eab80000,0x00000000eab80000)
  from space 50688K, 0% used [0x00000000ef280000,0x00000000ef280000,0x00000000f2400000)
  to   space 72704K, 0% used [0x00000000eab80000,0x00000000eab80000,0x00000000ef280000)
 ParOldGen       total 134656K, used 124212K [0x0000000080000000, 0x0000000088380000, 0x00000000d5580000)
  object space 134656K, 92% used [0x0000000080000000,0x000000008794d3f8,0x0000000088380000)
 Metaspace       used 110664K, capacity 116292K, committed 116520K, reserved 1150976K
  class space    used 14181K, capacity 15272K, committed 15408K, reserved 1048576K
Event: 2534.077 GC heap after
Heap after GC invocations=28 (full 6):
 PSYoungGen      total 400896K, used 0K [0x00000000d5580000, 0x00000000f6e80000, 0x0000000100000000)
  eden space 350208K, 0% used [0x00000000d5580000,0x00000000d5580000,0x00000000eab80000)
  from space 50688K, 0% used [0x00000000ef280000,0x00000000ef280000,0x00000000f2400000)
  to   space 72704K, 0% used [0x00000000eab80000,0x00000000eab80000,0x00000000ef280000)
 ParOldGen       total 174080K, used 69880K [0x0000000080000000, 0x000000008aa00000, 0x00000000d5580000)
  object space 174080K, 40% used [0x0000000080000000,0x000000008443e188,0x000000008aa00000)
 Metaspace       used 110557K, capacity 116040K, committed 116520K, reserved 1150976K
  class space    used 14152K, capacity 15196K, committed 15408K, reserved 1048576K
}

