# JRE version: OpenJDK Runtime Environment (8.0_242-b01) (build 1.8.0_242-release-1644-b01)
# Java VM: OpenJDK 64-Bit Server VM (25.242-b01 mixed mode windows-amd64 compressed oops)
Heap:
 PSYoungGen      total 319488K, used 20835K [0x00000000d5580000, 0x00000000ef900000, 0x0000000100000000)
  eden space 294912K, 7% used [0x00000000d5580000,0x00000000d69d8ca0,0x00000000e7580000)
  from space 24576K, 0% used [0x00000000e7580000,0x00000000e7580000,0x00000000e8d80000)
  to   space 32768K, 0% used [0x00000000ed900000,0x00000000ed900000,0x00000000ef900000)
 ParOldGen       total 81920K, used 73287K [0x0000000080000000, 0x0000000085000000, 0x00000000d5580000)
  object space 81920K, 89% used [0x0000000080000000,0x0000000084791d80,0x0000000085000000)
 Metaspace       used 82961K, capacity 86514K, committed 89384K, reserved 1126400K
  class space    used 11083K, capacity 11756K, committed 12336K, reserved 1048576K
GC Heap History (10 events):
Event: 14.992 GC heap before
{Heap before GC invocations=15 (full 3):
 PSYoungGen      total 251392K, used 9950K [0x00000000d5580000, 0x00000000e6100000, 0x0000000100000000)
  eden space 238080K, 0% used [0x00000000d5580000,0x00000000d5580000,0x00000000e3e00000)
  from space 13312K, 74% used [0x00000000e5400000,0x00000000e5db78d8,0x00000000e6100000)
  to   space 17920K, 0% used [0x00000000e3e00000,0x00000000e3e00000,0x00000000e4f80000)
 ParOldGen       total 49152K, used 36661K [0x0000000080000000, 0x0000000083000000, 0x00000000d5580000)
  object space 49152K, 74% used [0x0000000080000000,0x00000000823cd7d8,0x0000000083000000)
 Metaspace       used 57019K, capacity 59072K, committed 59160K, reserved 1099776K
  class space    used 7829K, capacity 8297K, committed 8368K, reserved 1048576K
Event: 15.179 GC heap after
Heap after GC invocations=15 (full 3):
 PSYoungGen      total 251392K, used 0K [0x00000000d5580000, 0x00000000e6100000, 0x0000000100000000)
  eden space 238080K, 0% used [0x00000000d5580000,0x00000000d5580000,0x00000000e3e00000)
  from space 13312K, 0% used [0x00000000e5400000,0x00000000e5400000,0x00000000e6100000)
  to   space 17920K, 0% used [0x00000000e3e00000,0x00000000e3e00000,0x00000000e4f80000)
 ParOldGen       total 81920K, used 33903K [0x0000000080000000, 0x0000000085000000, 0x00000000d5580000)
  object space 81920K, 41% used [0x0000000080000000,0x000000008211bfc0,0x0000000085000000)
 Metaspace       used 56981K, capacity 58940K, committed 59160K, reserved 1099776K
  class space    used 7817K, capacity 8275K, committed 8368K, reserved 1048576K
}
Event: 18.489 GC heap before
{Heap before GC invocations=16 (full 3):
 PSYoungGen      total 251392K, used 238080K [0x00000000d5580000, 0x00000000e6100000, 0x0000000100000000)
  eden space 238080K, 100% used [0x00000000d5580000,0x00000000e3e00000,0x00000000e3e00000)
  from space 13312K, 0% used [0x00000000e5400000,0x00000000e5400000,0x00000000e6100000)
  to   space 17920K, 0% used [0x00000000e3e00000,0x00000000e3e00000,0x00000000e4f80000)
 ParOldGen       total 81920K, used 33903K [0x0000000080000000, 0x0000000085000000, 0x00000000d5580000)
  object space 81920K, 41% used [0x0000000080000000,0x000000008211bfc0,0x0000000085000000)
 Metaspace       used 62500K, capacity 65490K, committed 65832K, reserved 1105920K
  class space    used 8603K, capacity 9204K, committed 9264K, reserved 1048576K
Event: 18.515 GC heap after
Heap after GC invocations=16 (full 3):
 PSYoungGen      total 256000K, used 17911K [0x00000000d5580000, 0x00000000eab80000, 0x0000000100000000)
  eden space 238080K, 0% used [0x00000000d5580000,0x00000000d5580000,0x00000000e3e00000)
  from space 17920K, 99% used [0x00000000e3e00000,0x00000000e4f7dc60,0x00000000e4f80000)
  to   space 23552K, 0% used [0x00000000e9480000,0x00000000e9480000,0x00000000eab80000)
 ParOldGen       total 81920K, used 42209K [0x0000000080000000, 0x0000000085000000, 0x00000000d5580000)
  object space 81920K, 51% used [0x0000000080000000,0x00000000829385a8,0x0000000085000000)
 Metaspace       used 62500K, capacity 65490K, committed 65832K, reserved 1105920K
  class space    used 8603K, capacity 9204K, committed 9264K, reserved 1048576K
}
Event: 32.775 GC heap before
{Heap before GC invocations=17 (full 3):
 PSYoungGen      total 256000K, used 255991K [0x00000000d5580000, 0x00000000eab80000, 0x0000000100000000)
  eden space 238080K, 100% used [0x00000000d5580000,0x00000000e3e00000,0x00000000e3e00000)
  from space 17920K, 99% used [0x00000000e3e00000,0x00000000e4f7dc60,0x00000000e4f80000)
  to   space 23552K, 0% used [0x00000000e9480000,0x00000000e9480000,0x00000000eab80000)
 ParOldGen       total 81920K, used 42209K [0x0000000080000000, 0x0000000085000000, 0x00000000d5580000)
  object space 81920K, 51% used [0x0000000080000000,0x00000000829385a8,0x0000000085000000)
 Metaspace       used 68319K, capacity 71514K, committed 71720K, reserved 1112064K
  class space    used 9262K, capacity 9928K, committed 10032K, reserved 1048576K
Event: 32.799 GC heap after
Heap after GC invocations=17 (full 3):
 PSYoungGen      total 312320K, used 15126K [0x00000000d5580000, 0x00000000ea580000, 0x0000000100000000)
  eden space 294912K, 0% used [0x00000000d5580000,0x00000000d5580000,0x00000000e7580000)
  from space 17408K, 86% used [0x00000000e9480000,0x00000000ea345b70,0x00000000ea580000)
  to   space 24576K, 0% used [0x00000000e7580000,0x00000000e7580000,0x00000000e8d80000)
 ParOldGen       total 81920K, used 59135K [0x0000000080000000, 0x0000000085000000, 0x00000000d5580000)
  object space 81920K, 72% used [0x0000000080000000,0x00000000839bfee0,0x0000000085000000)
 Metaspace       used 68319K, capacity 71514K, committed 71720K, reserved 1112064K
  class space    used 9262K, capacity 9928K, committed 10032K, reserved 1048576K
}
Event: 38.059 GC heap before
{Heap before GC invocations=18 (full 3):
 PSYoungGen      total 312320K, used 309885K [0x00000000d5580000, 0x00000000ea580000, 0x0000000100000000)
  eden space 294912K, 99% used [0x00000000d5580000,0x00000000e7559a20,0x00000000e7580000)
  from space 17408K, 86% used [0x00000000e9480000,0x00000000ea345b70,0x00000000ea580000)
  to   space 24576K, 0% used [0x00000000e7580000,0x00000000e7580000,0x00000000e8d80000)
 ParOldGen       total 81920K, used 59135K [0x0000000080000000, 0x0000000085000000, 0x00000000d5580000)
  object space 81920K, 72% used [0x0000000080000000,0x00000000839bfee0,0x0000000085000000)
 Metaspace       used 83844K, capacity 89202K, committed 89384K, reserved 1126400K
  class space    used 11413K, capacity 12336K, committed 12336K, reserved 1048576K
Event: 38.103 GC heap after
Heap after GC invocations=18 (full 3):
 PSYoungGen      total 319488K, used 24573K [0x00000000d5580000, 0x00000000ef900000, 0x0000000100000000)
  eden space 294912K, 0% used [0x00000000d5580000,0x00000000d5580000,0x00000000e7580000)
  from space 24576K, 99% used [0x00000000e7580000,0x00000000e8d7f4f0,0x00000000e8d80000)
  to   space 32768K, 0% used [0x00000000ed900000,0x00000000ed900000,0x00000000ef900000)
 ParOldGen       total 81920K, used 71321K [0x0000000080000000, 0x0000000085000000, 0x00000000d5580000)
  object space 81920K, 87% used [0x0000000080000000,0x00000000845a6718,0x0000000085000000)
 Metaspace       used 83844K, capacity 89202K, committed 89384K, reserved 1126400K
  class space    used 11413K, capacity 12336K, committed 12336K, reserved 1048576K
}
Event: 38.103 GC heap before
{Heap before GC invocations=19 (full 4):
 PSYoungGen      total 319488K, used 24573K [0x00000000d5580000, 0x00000000ef900000, 0x0000000100000000)
  eden space 294912K, 0% used [0x00000000d5580000,0x00000000d5580000,0x00000000e7580000)
  from space 24576K, 99% used [0x00000000e7580000,0x00000000e8d7f4f0,0x00000000e8d80000)
  to   space 32768K, 0% used [0x00000000ed900000,0x00000000ed900000,0x00000000ef900000)
 ParOldGen       total 81920K, used 71321K [0x0000000080000000, 0x0000000085000000, 0x00000000d5580000)
  object space 81920K, 87% used [0x0000000080000000,0x00000000845a6718,0x0000000085000000)
 Metaspace       used 83844K, capacity 89202K, committed 89384K, reserved 1126400K
  class space    used 11413K, capacity 12336K, committed 12336K, reserved 1048576K
Event: 38.291 GC heap after
Heap after GC invocations=19 (full 4):
 PSYoungGen      total 319488K, used 0K [0x00000000d5580000, 0x00000000ef900000, 0x0000000100000000)
  eden space 294912K, 0% used [0x00000000d5580000,0x00000000d5580000,0x00000000e7580000)
  from space 24576K, 0% used [0x00000000e7580000,0x00000000e7580000,0x00000000e8d80000)
  to   space 32768K, 0% used [0x00000000ed900000,0x00000000ed900000,0x00000000ef900000)
 ParOldGen       total 81920K, used 73287K [0x0000000080000000, 0x0000000085000000, 0x00000000d5580000)
  object space 81920K, 89% used [0x0000000080000000,0x0000000084791d80,0x0000000085000000)
 Metaspace       used 82862K, capacity 86430K, committed 89384K, reserved 1126400K
  class space    used 11080K, capacity 11756K, committed 12336K, reserved 1048576K
}

